{
  "RSpec": {
    "coverage": {
      "/home/mario/RubyOnRails/HVCMS/app/controllers/home_controller.rb": {
        "lines": [
          1,
          1,
          null,
          null
        ],
        "branches": {}
      },
      "/home/mario/RubyOnRails/HVCMS/app/controllers/application_controller.rb": {
        "lines": [
          1,
          null,
          1,
          null
        ],
        "branches": {}
      },
      "/home/mario/RubyOnRails/HVCMS/app/helpers/application_helper.rb": {
        "lines": [
          0,
          0
        ],
        "branches": {}
      },
      "/home/mario/RubyOnRails/HVCMS/app/jobs/application_job.rb": {
        "lines": [
          0,
          null,
          null,
          null,
          null,
          null,
          0
        ],
        "branches": {}
      },
      "/home/mario/RubyOnRails/HVCMS/app/models/application_record.rb": {
        "lines": [
          0,
          0,
          0
        ],
        "branches": {}
      }
    },
    "timestamp": 1736184513
  }
}
